c:\users\yama877\downloads\git\12yamaoka\puzzle\2dlv1_2023_00\gameprogramming\debug\vc143.pdb
c:\users\yama877\downloads\git\12yamaoka\puzzle\2dlv1_2023_00\gameprogramming\debug\vc143.idb
c:\users\yama877\downloads\git\12yamaoka\puzzle\2dlv1_2023_00\gameprogramming\debug\main.obj
c:\users\yama877\downloads\git\12yamaoka\puzzle\2dlv1_2023_00\gameprogramming\debug\jigsawpuzzle.obj
c:\users\yama877\downloads\git\12yamaoka\puzzle\2dlv1_2023_00\gameprogramming\debug\cui.obj
c:\users\yama877\downloads\git\12yamaoka\puzzle\2dlv1_2023_00\gameprogramming\debug\ctexture.obj
c:\users\yama877\downloads\git\12yamaoka\puzzle\2dlv1_2023_00\gameprogramming\debug\csound.obj
c:\users\yama877\downloads\git\12yamaoka\puzzle\2dlv1_2023_00\gameprogramming\debug\crectangle.obj
c:\users\yama877\downloads\git\12yamaoka\puzzle\2dlv1_2023_00\gameprogramming\debug\cinput.obj
c:\users\yama877\downloads\git\12yamaoka\puzzle\2dlv1_2023_00\gameprogramming\debug\cgame.obj
c:\users\yama877\downloads\git\12yamaoka\puzzle\2dlv1_2023_00\gameprogramming\debug\cfont.obj
c:\users\yama877\downloads\git\12yamaoka\puzzle\2dlv1_2023_00\gameprogramming\debug\ccharacter.obj
c:\users\yama877\downloads\git\12yamaoka\puzzle\2dlv1_2023_00\gameprogramming\debug\capplication.obj
c:\users\yama877\downloads\git\12yamaoka\puzzle\2dlv1_2023_00\gameprogramming\debug\15piecepuzzle.obj
c:\users\yama877\downloads\git\12yamaoka\puzzle\2dlv1_2023_00\gameprogramming\debug\cplayer.obj
c:\users\yama877\downloads\git\12yamaoka\puzzle\2dlv1_2023_00\gameprogramming\debug\gameprogramming.ilk
c:\users\yama877\downloads\git\12yamaoka\puzzle\2dlv1_2023_00\debug\gameprogramming.pdb
c:\users\yama877\downloads\git\12yamaoka\puzzle\2dlv1_2023_00\gameprogramming\debug\gameprogramming.tlog\cl.command.1.tlog
c:\users\yama877\downloads\git\12yamaoka\puzzle\2dlv1_2023_00\gameprogramming\debug\gameprogramming.tlog\cl.items.tlog
c:\users\yama877\downloads\git\12yamaoka\puzzle\2dlv1_2023_00\gameprogramming\debug\gameprogramming.tlog\cl.read.1.tlog
c:\users\yama877\downloads\git\12yamaoka\puzzle\2dlv1_2023_00\gameprogramming\debug\gameprogramming.tlog\cl.write.1.tlog
c:\users\yama877\downloads\git\12yamaoka\puzzle\2dlv1_2023_00\gameprogramming\debug\gameprogramming.tlog\link.3900-cvtres.read.1.tlog
c:\users\yama877\downloads\git\12yamaoka\puzzle\2dlv1_2023_00\gameprogramming\debug\gameprogramming.tlog\link.3900-cvtres.write.1.tlog
c:\users\yama877\downloads\git\12yamaoka\puzzle\2dlv1_2023_00\gameprogramming\debug\gameprogramming.tlog\link.3900-rc.read.1.tlog
c:\users\yama877\downloads\git\12yamaoka\puzzle\2dlv1_2023_00\gameprogramming\debug\gameprogramming.tlog\link.3900-rc.write.1.tlog
c:\users\yama877\downloads\git\12yamaoka\puzzle\2dlv1_2023_00\gameprogramming\debug\gameprogramming.tlog\link.3900.read.1.tlog
c:\users\yama877\downloads\git\12yamaoka\puzzle\2dlv1_2023_00\gameprogramming\debug\gameprogramming.tlog\link.3900.write.1.tlog
c:\users\yama877\downloads\git\12yamaoka\puzzle\2dlv1_2023_00\gameprogramming\debug\gameprogramming.tlog\link.command.1.tlog
c:\users\yama877\downloads\git\12yamaoka\puzzle\2dlv1_2023_00\gameprogramming\debug\gameprogramming.tlog\link.read.1.tlog
c:\users\yama877\downloads\git\12yamaoka\puzzle\2dlv1_2023_00\gameprogramming\debug\gameprogramming.tlog\link.secondary.1.tlog
c:\users\yama877\downloads\git\12yamaoka\puzzle\2dlv1_2023_00\gameprogramming\debug\gameprogramming.tlog\link.write.1.tlog
