  CApplication.cpp
  CBillBoard.cpp
  CBullet.cpp
  CCharacter3.cpp
  CCollider.cpp
  CColliderLine.cpp
  CColliderMesh.cpp
  CColliderTriangle.cpp
  CCollisionManager.cpp
  CEffect.cpp
  CEnemy.cpp
  CEnemy3.cpp
  CGame.cpp
  CMaterial.cpp
  CModel.cpp
C:\Users\yama877\Downloads\git\12Yamaoka\3DLv1_vs2019_00\3DLv1_vs2019_00\GameProgramming\src\CModel.cpp(207,20): warning C4018: '<': signed と unsigned の数値を比較しようとしました。
C:\Users\yama877\Downloads\git\12Yamaoka\3DLv1_vs2019_00\3DLv1_vs2019_00\GameProgramming\src\CModel.cpp(259,20): warning C4018: '<': signed と unsigned の数値を比較しようとしました。
C:\Users\yama877\Downloads\git\12Yamaoka\3DLv1_vs2019_00\3DLv1_vs2019_00\GameProgramming\src\CModel.cpp(270,20): warning C4018: '<': signed と unsigned の数値を比較しようとしました。
C:\Users\yama877\Downloads\git\12Yamaoka\3DLv1_vs2019_00\3DLv1_vs2019_00\GameProgramming\src\CModel.cpp(272,21): warning C4018: '<': signed と unsigned の数値を比較しようとしました。
  CModelX.cpp
  CPlayer.cpp
  main.cpp
  コードを生成中...
  GameProgramming.vcxproj -> C:\Users\yama877\Downloads\git\12Yamaoka\3DLv1_vs2019_00\3DLv1_vs2019_00\Debug\GameProgramming.exe
